

Microchip MPLAB XC8 Assembler V2.20 build 20200408173844 
                                                                                               Mon Oct 26 15:53:01 2020

Microchip MPLAB XC8 C Compiler v2.20 (Free license) build 20200408173844 Og1 
     1                           	processor	16F877A
     2                           	pagewidth 120
     3                           	opt	flic
     4                           	psect	cinit,global,class=CODE,merge=1,delta=2
     5                           	psect	cstackCOMMON,global,class=COMMON,space=1,delta=1,noexec
     6                           	psect	maintext,global,class=CODE,split=1,delta=2
     7                           	psect	config,global,abs,ovrld,class=CONFIG,space=4,delta=2,noexec
     8                           	dabs	1,0x7E,2
     9  0000                     
    10                           ; Version 2.20
    11                           ; Generated 12/02/2020 GMT
    12                           ; 
    13                           ; Copyright © 2020, Microchip Technology Inc. and its subsidiaries ("Microchip")
    14                           ; All rights reserved.
    15                           ; 
    16                           ; This software is developed by Microchip Technology Inc. and its subsidiaries ("Microch
      +                          ip").
    17                           ; 
    18                           ; Redistribution and use in source and binary forms, with or without modification, are
    19                           ; permitted provided that the following conditions are met:
    20                           ; 
    21                           ;     1. Redistributions of source code must retain the above copyright notice, this lis
      +                          t of
    22                           ;        conditions and the following disclaimer.
    23                           ; 
    24                           ;     2. Redistributions in binary form must reproduce the above copyright notice, this 
      +                          list
    25                           ;        of conditions and the following disclaimer in the documentation and/or other
    26                           ;        materials provided with the distribution.
    27                           ; 
    28                           ;     3. Microchip's name may not be used to endorse or promote products derived from th
      +                          is
    29                           ;        software without specific prior written permission.
    30                           ; 
    31                           ; THIS SOFTWARE IS PROVIDED BY MICROCHIP "AS IS" AND ANY EXPRESS OR IMPLIED WARRANTIES,
    32                           ; INCLUDING, BUT NOT LIMITED TO, THE IMPLIED WARRANTIES OF MERCHANTABILITY AND FITNESS F
      +                          OR
    33                           ; PURPOSE ARE DISCLAIMED.  IN NO EVENT SHALL MICROCHIP BE LIABLE FOR ANY DIRECT, INDIREC
      +                          T,
    34                           ; INCIDENTAL, SPECIAL, EXEMPLARY, OR CONSEQUENTIAL DAMAGES (INCLUDING BUT NOT LIMITED TO
    35                           ; PROCUREMENT OF SUBSTITUTE GOODS OR SERVICES; LOSS OF USE, DATA OR PROFITS; OR BUSINESS
    36                           ; INTERRUPTION) HOWSOEVER CAUSED AND ON ANY THEORY OF LIABILITY, WHETHER IN CONTRACT, ST
      +                          RICT
    37                           ; LIABILITY, OR TORT (INCLUDING NEGLIGENCE OR OTHERWISE) ARISING IN ANY WAY OUT OF THE U
      +                          SE OF
    38                           ; THIS SOFTWARE, EVEN IF ADVISED OF THE POSSIBILITY OF SUCH DAMAGE.
    39                           ; 
    40                           ; 
    41                           ; Code-generator required, PIC16F877A Definitions
    42                           ; 
    43                           ; SFR Addresses
    44  0000                     	;# 
    45  0001                     	;# 
    46  0002                     	;# 
    47  0003                     	;# 
    48  0004                     	;# 
    49  0005                     	;# 
    50  0006                     	;# 
    51  0007                     	;# 
    52  0008                     	;# 
    53  0009                     	;# 
    54  000A                     	;# 
    55  000B                     	;# 
    56  000C                     	;# 
    57  000D                     	;# 
    58  000E                     	;# 
    59  000E                     	;# 
    60  000F                     	;# 
    61  0010                     	;# 
    62  0011                     	;# 
    63  0012                     	;# 
    64  0013                     	;# 
    65  0014                     	;# 
    66  0015                     	;# 
    67  0015                     	;# 
    68  0016                     	;# 
    69  0017                     	;# 
    70  0018                     	;# 
    71  0019                     	;# 
    72  001A                     	;# 
    73  001B                     	;# 
    74  001B                     	;# 
    75  001C                     	;# 
    76  001D                     	;# 
    77  001E                     	;# 
    78  001F                     	;# 
    79  0081                     	;# 
    80  0085                     	;# 
    81  0086                     	;# 
    82  0087                     	;# 
    83  0088                     	;# 
    84  0089                     	;# 
    85  008C                     	;# 
    86  008D                     	;# 
    87  008E                     	;# 
    88  0091                     	;# 
    89  0092                     	;# 
    90  0093                     	;# 
    91  0094                     	;# 
    92  0098                     	;# 
    93  0099                     	;# 
    94  009C                     	;# 
    95  009D                     	;# 
    96  009E                     	;# 
    97  009F                     	;# 
    98  010C                     	;# 
    99  010D                     	;# 
   100  010E                     	;# 
   101  010F                     	;# 
   102  018C                     	;# 
   103  018D                     	;# 
   104  0000                     	;# 
   105  0001                     	;# 
   106  0002                     	;# 
   107  0003                     	;# 
   108  0004                     	;# 
   109  0005                     	;# 
   110  0006                     	;# 
   111  0007                     	;# 
   112  0008                     	;# 
   113  0009                     	;# 
   114  000A                     	;# 
   115  000B                     	;# 
   116  000C                     	;# 
   117  000D                     	;# 
   118  000E                     	;# 
   119  000E                     	;# 
   120  000F                     	;# 
   121  0010                     	;# 
   122  0011                     	;# 
   123  0012                     	;# 
   124  0013                     	;# 
   125  0014                     	;# 
   126  0015                     	;# 
   127  0015                     	;# 
   128  0016                     	;# 
   129  0017                     	;# 
   130  0018                     	;# 
   131  0019                     	;# 
   132  001A                     	;# 
   133  001B                     	;# 
   134  001B                     	;# 
   135  001C                     	;# 
   136  001D                     	;# 
   137  001E                     	;# 
   138  001F                     	;# 
   139  0081                     	;# 
   140  0085                     	;# 
   141  0086                     	;# 
   142  0087                     	;# 
   143  0088                     	;# 
   144  0089                     	;# 
   145  008C                     	;# 
   146  008D                     	;# 
   147  008E                     	;# 
   148  0091                     	;# 
   149  0092                     	;# 
   150  0093                     	;# 
   151  0094                     	;# 
   152  0098                     	;# 
   153  0099                     	;# 
   154  009C                     	;# 
   155  009D                     	;# 
   156  009E                     	;# 
   157  009F                     	;# 
   158  010C                     	;# 
   159  010D                     	;# 
   160  010E                     	;# 
   161  010F                     	;# 
   162  018C                     	;# 
   163  018D                     	;# 
   164  0000                     	;# 
   165  0001                     	;# 
   166  0002                     	;# 
   167  0003                     	;# 
   168  0004                     	;# 
   169  0005                     	;# 
   170  0006                     	;# 
   171  0007                     	;# 
   172  0008                     	;# 
   173  0009                     	;# 
   174  000A                     	;# 
   175  000B                     	;# 
   176  000C                     	;# 
   177  000D                     	;# 
   178  000E                     	;# 
   179  000E                     	;# 
   180  000F                     	;# 
   181  0010                     	;# 
   182  0011                     	;# 
   183  0012                     	;# 
   184  0013                     	;# 
   185  0014                     	;# 
   186  0015                     	;# 
   187  0015                     	;# 
   188  0016                     	;# 
   189  0017                     	;# 
   190  0018                     	;# 
   191  0019                     	;# 
   192  001A                     	;# 
   193  001B                     	;# 
   194  001B                     	;# 
   195  001C                     	;# 
   196  001D                     	;# 
   197  001E                     	;# 
   198  001F                     	;# 
   199  0081                     	;# 
   200  0085                     	;# 
   201  0086                     	;# 
   202  0087                     	;# 
   203  0088                     	;# 
   204  0089                     	;# 
   205  008C                     	;# 
   206  008D                     	;# 
   207  008E                     	;# 
   208  0091                     	;# 
   209  0092                     	;# 
   210  0093                     	;# 
   211  0094                     	;# 
   212  0098                     	;# 
   213  0099                     	;# 
   214  009C                     	;# 
   215  009D                     	;# 
   216  009E                     	;# 
   217  009F                     	;# 
   218  010C                     	;# 
   219  010D                     	;# 
   220  010E                     	;# 
   221  010F                     	;# 
   222  018C                     	;# 
   223  018D                     	;# 
   224  0000                     	;# 
   225  0001                     	;# 
   226  0002                     	;# 
   227  0003                     	;# 
   228  0004                     	;# 
   229  0005                     	;# 
   230  0006                     	;# 
   231  0007                     	;# 
   232  0008                     	;# 
   233  0009                     	;# 
   234  000A                     	;# 
   235  000B                     	;# 
   236  000C                     	;# 
   237  000D                     	;# 
   238  000E                     	;# 
   239  000E                     	;# 
   240  000F                     	;# 
   241  0010                     	;# 
   242  0011                     	;# 
   243  0012                     	;# 
   244  0013                     	;# 
   245  0014                     	;# 
   246  0015                     	;# 
   247  0015                     	;# 
   248  0016                     	;# 
   249  0017                     	;# 
   250  0018                     	;# 
   251  0019                     	;# 
   252  001A                     	;# 
   253  001B                     	;# 
   254  001B                     	;# 
   255  001C                     	;# 
   256  001D                     	;# 
   257  001E                     	;# 
   258  001F                     	;# 
   259  0081                     	;# 
   260  0085                     	;# 
   261  0086                     	;# 
   262  0087                     	;# 
   263  0088                     	;# 
   264  0089                     	;# 
   265  008C                     	;# 
   266  008D                     	;# 
   267  008E                     	;# 
   268  0091                     	;# 
   269  0092                     	;# 
   270  0093                     	;# 
   271  0094                     	;# 
   272  0098                     	;# 
   273  0099                     	;# 
   274  009C                     	;# 
   275  009D                     	;# 
   276  009E                     	;# 
   277  009F                     	;# 
   278  010C                     	;# 
   279  010D                     	;# 
   280  010E                     	;# 
   281  010F                     	;# 
   282  018C                     	;# 
   283  018D                     	;# 
   284  0008                     _PORTD	set	8
   285  0005                     _PORTA	set	5
   286  002B                     _RA3	set	43
   287  002A                     _RA2	set	42
   288  0029                     _RA1	set	41
   289  009F                     _ADCON1	set	159
   290  0085                     _TRISA	set	133
   291                           
   292                           	psect	cinit
   293  07FC                     start_initialization:	
   294                           ; #config settings
   295                           
   296  07FC                     __initialization:
   297  07FC                     end_of_initialization:	
   298                           ;End of C runtime variable initialization code
   299                           
   300  07FC                     __end_of__initialization:
   301  07FC  0183               	clrf	3
   302  07FD  120A  118A  2FF9   	ljmp	_main	;jump to C main() function
   303                           
   304                           	psect	cstackCOMMON
   305  0000                     __pcstackCOMMON:
   306  0000                     ?_main:
   307  0000                     ??_main:	
   308                           ; 1 bytes @ 0x0
   309                           
   310                           
   311                           	psect	maintext
   312  07F9                     __pmaintext:	
   313                           ; 1 bytes @ 0x0
   314 ;;
   315 ;;Main: autosize = 0, tempsize = 0, incstack = 0, save=0
   316 ;;
   317 ;; *************** function _main *****************
   318 ;; Defined at:
   319 ;;		line 22 in file "main.c"
   320 ;; Parameters:    Size  Location     Type
   321 ;;		None
   322 ;; Auto vars:     Size  Location     Type
   323 ;;		None
   324 ;; Return value:  Size  Location     Type
   325 ;;                  1    wreg      void 
   326 ;; Registers used:
   327 ;;		None
   328 ;; Tracked objects:
   329 ;;		On entry : B00/0
   330 ;;		On exit  : 0/0
   331 ;;		Unchanged: 0/0
   332 ;; Data sizes:     COMMON   BANK0   BANK1   BANK3   BANK2
   333 ;;      Params:         0       0       0       0       0
   334 ;;      Locals:         0       0       0       0       0
   335 ;;      Temps:          0       0       0       0       0
   336 ;;      Totals:         0       0       0       0       0
   337 ;;Total ram usage:        0 bytes
   338 ;; This function calls:
   339 ;;		Nothing
   340 ;; This function is called by:
   341 ;;		Startup code after reset
   342 ;; This function uses a non-reentrant model
   343 ;;
   344                           
   345                           
   346                           ;psect for function _main
   347  07F9                     _main:
   348  07F9                     l781:	
   349                           ;incstack = 0
   350                           ; Regs used in _main: []
   351                           
   352  07F9                     l5:
   353  07F9  120A  118A  2800   	ljmp	start
   354  07FC                     __end_of_main:
   355  007E                     btemp	set	126	;btemp
   356  007E                     wtemp0	set	126
   357                           
   358                           	psect	config
   359                           
   360                           ;Config register CONFIG @ 0x2007
   361                           ;	Oscillator Selection bits
   362                           ;	FOSC = HS, HS oscillator
   363                           ;	Watchdog Timer Enable bit
   364                           ;	WDTE = OFF, WDT disabled
   365                           ;	Power-up Timer Enable bit
   366                           ;	PWRTE = ON, PWRT enabled
   367                           ;	Brown-out Reset Enable bit
   368                           ;	BOREN = OFF, BOR disabled
   369                           ;	Low-Voltage (Single-Supply) In-Circuit Serial Programming Enable bit
   370                           ;	LVP = OFF, RB3 is digital I/O, HV on MCLR must be used for programming
   371                           ;	Data EEPROM Memory Code Protection bit
   372                           ;	CPD = 0x1, unprogrammed default
   373                           ;	Flash Program Memory Write Enable bits
   374                           ;	WRT = 0x3, unprogrammed default
   375                           ;	In-Circuit Debugger Mode bit
   376                           ;	DEBUG = 0x1, unprogrammed default
   377                           ;	Flash Program Memory Code Protection bit
   378                           ;	CP = 0x1, unprogrammed default
   379  2007                     	org	8199
   380  2007  3F32               	dw	16178

Data Sizes:
    Strings     0
    Constant    0
    Data        0
    BSS         0
    Persistent  0
    Stack       0

Auto Spaces:
    Space          Size  Autos    Used
    COMMON           14      0       0
    BANK0            80      0       0
    BANK1            80      0       0
    BANK3            96      0       0
    BANK2            96      0       0

Pointer List with Targets:

    None.

Critical Paths under _main in COMMON

    None.

Critical Paths under _main in BANK0

    None.

Critical Paths under _main in BANK1

    None.

Critical Paths under _main in BANK3

    None.

Critical Paths under _main in BANK2

    None.

Call Graph Tables:

 ---------------------------------------------------------------------------------
 (Depth) Function   	        Calls       Base Space   Used Autos Params    Refs
 ---------------------------------------------------------------------------------
 (0) _main                                                 0     0      0       0
 ---------------------------------------------------------------------------------
 Estimated maximum stack depth 0
 ---------------------------------------------------------------------------------

 Call Graph Graphs:

 _main (ROOT)

 Address spaces:
Name               Size   Autos  Total    Cost      Usage
BITCOMMON            E      0       0       0        0.0%
EEDATA             100      0       0       0        0.0%
NULL                 0      0       0       0        0.0%
CODE                 0      0       0       0        0.0%
COMMON               E      0       0       1        0.0%
BITSFR0              0      0       0       1        0.0%
SFR0                 0      0       0       1        0.0%
BITSFR1              0      0       0       2        0.0%
SFR1                 0      0       0       2        0.0%
STACK                0      0       0       2        0.0%
ABS                  0      0       0       3        0.0%
BITBANK0            50      0       0       4        0.0%
BITSFR3              0      0       0       4        0.0%
SFR3                 0      0       0       4        0.0%
BANK0               50      0       0       5        0.0%
BITSFR2              0      0       0       5        0.0%
SFR2                 0      0       0       5        0.0%
BITBANK1            50      0       0       6        0.0%
BANK1               50      0       0       7        0.0%
BITBANK3            60      0       0       8        0.0%
BANK3               60      0       0       9        0.0%
BITBANK2            60      0       0      10        0.0%
BANK2               60      0       0      11        0.0%
DATA                 0      0       0      12        0.0%


Microchip Technology PIC Macro Assembler V2.20 build 20200408173844 
Symbol Table                                                                                   Mon Oct 26 15:53:01 2020

                      l5 07F9                      l781 07F9                      _RA1 0029  
                    _RA2 002A                      _RA3 002B                     _main 07F9  
                   btemp 007E                     start 0000                    ?_main 0000  
                  _PORTA 0005                    _PORTD 0008                    _TRISA 0085  
                  status 0003                    wtemp0 007E          __initialization 07FC  
           __end_of_main 07FC                   ??_main 0000                   _ADCON1 009F  
__end_of__initialization 07FC           __pcstackCOMMON 0000               __pmaintext 07F9  
   end_of_initialization 07FC      start_initialization 07FC                ___latbits 0002  
          __size_of_main 0003  
