MPASM 5.87                       LAB02-2.ASM   10-8-2020  15:39:19         PAGE  1


LOC  OBJECT CODE     LINE SOURCE TEXT
  VALUE

                      00001 #INCLUDE<P16F877A.INC>
                      00001         LIST
                      00002 
                      00003 ;==========================================================================
                      00004 ; Build date : Jan 06 2020
                      00005 ;  MPASM PIC16F877A processor include
                      00006 ; 
                      00007 ;  (c) Copyright 1999-2020 Microchip Technology, All rights reserved
                      00008 ;==========================================================================
                      00009 
                      00567         LIST
                      00002 
2007   1832           00003     __CONFIG _DEBUG_OFF&_CP_ALL&_WRT_HALF&_CPD_ON&_LVP_OFF&_BODEN_OFF&_PWRTE_ON&_WDT_OFF&_HS_OSC
                      00004     
                      00005     ; Predefined Values
Warning[207]: Found label after column 1. (outer_delay)
  000000FF            00006     outer_delay equ 0ffh
Warning[207]: Found label after column 1. (inner_delay)
  000000FF            00007     inner_delay equ 0ffh
Warning[207]: Found label after column 1. (last_pin)
  00000080            00008     last_pin    equ 080h
Warning[207]: Found label after column 1. (for_loop)
  00000032            00009     for_loop    equ 32h
Warning[207]: Found label after column 1. (memdata)
  00000033            00010     memdata     equ 33h
                      00011         
                      00012     org 00h
Warning[207]: Found label after column 1. (main)
0000                  00013    main
0000   0187           00014     clrf PORTC
Message[305]: Using default destination of 1 (file).
0001   0A87           00015     incf PORTC
0002   0186           00016     clrf PORTB
0003   1683 1303      00017     banksel TRISC
Message[302]: Register in operand not in bank 0.  Ensure that bank bits are correct.
0005   0187           00018     clrf TRISC
Message[302]: Register in operand not in bank 0.  Ensure that bank bits are correct.
0006   0186           00019     clrf TRISB
Message[302]: Register in operand not in bank 0.  Ensure that bank bits are correct.
0007   0185           00020     clrf TRISA
0008   0183           00021     clrf STATUS
                      00022         
Warning[207]: Found label after column 1. (loop)
0009                  00023         loop
                      00024         
0009   2???           00025         call do_C
000A   2???           00026         call do_B
                      00027         
000B   2???           00028         goto loop
                      00029         
                      00030         ; Delay loops
Warning[207]: Found label after column 1. (delay)
000C                  00031         delay
MPASM 5.87                       LAB02-2.ASM   10-8-2020  15:39:19         PAGE  2


LOC  OBJECT CODE     LINE SOURCE TEXT
  VALUE

000C   30FF           00032         movlw outer_delay
000D   00B0           00033         movwf 30h
Warning[207]: Found label after column 1. (outer_loop)
000E                  00034         outer_loop
000E   30FF           00035         movlw   inner_delay
000F   00B1           00036         movwf   31h
Warning[207]: Found label after column 1. (inner_loop)
0010                  00037         inner_loop
0010   0BB1           00038         decfsz  31h,1
0011   2???           00039         goto    inner_loop
                      00040         
0012   0BB0           00041         decfsz  30h,1
0013   2???           00042         goto    outer_loop
0014   0008           00043         return
                      00044         
Warning[207]: Found label after column 1. (do_C)
0015                  00045         do_C
                      00046         
0015   0187           00047         clrf PORTC
Message[305]: Using default destination of 1 (file).
0016   0A87           00048         incf PORTC
0017   2???           00049         call delay
                      00050         
Warning[207]: Found label after column 1. (inner_while)
0018                  00051         inner_while
                      00052         
0018   0807           00053         movfw PORTC
0019   0787           00054         addwf PORTC,1
001A   2???           00055         call delay
                      00056         
001B   1F87           00057         btfss PORTC,7
001C   2???           00058         goto inner_while
                      00059         
001D   0187           00060         clrf PORTC
001E   0008           00061         return
                      00062         
Warning[207]: Found label after column 1. (do_B)
001F                  00063         do_B
                      00064         
001F   0186           00065         clrf PORTB
Message[305]: Using default destination of 1 (file).
0020   0A86           00066         incf PORTB
0021   2???           00067         call delay
                      00068         
Warning[207]: Found label after column 1. (inner_while_B)
0022                  00069         inner_while_B
                      00070         
0022   0806           00071         movfw PORTB
0023   0786           00072         addwf PORTB,1
0024   2???           00073         call delay
                      00074         
0025   1F86           00075         btfss PORTB,7
0026   2???           00076         goto inner_while_B
MPASM 5.87                       LAB02-2.ASM   10-8-2020  15:39:19         PAGE  3


LOC  OBJECT CODE     LINE SOURCE TEXT
  VALUE

                      00077         
0027   0186           00078         clrf PORTB
0028   0008           00079         return
                      00080         
1832                  00081         end
MPASM 5.87                       LAB02-2.ASM   10-8-2020  15:39:19         PAGE  4


SYMBOL TABLE
  LABEL                             VALUE 

ACKDT                             00000005
ACKEN                             00000004
ACKSTAT                           00000006
ADCON0                            0000001F
ADCON1                            0000009F
ADCS0                             00000006
ADCS1                             00000007
ADCS2                             00000006
ADDEN                             00000003
ADFM                              00000007
ADIE                              00000006
ADIF                              00000006
ADON                              00000000
ADRESH                            0000001E
ADRESL                            0000009E
BCLIE                             00000003
BCLIF                             00000003
BF                                00000000
BRGH                              00000002
C                                 00000000
C1INV                             00000004
C1OUT                             00000006
C2INV                             00000005
C2OUT                             00000007
CCP1CON                           00000017
CCP1IE                            00000002
CCP1IF                            00000002
CCP1M0                            00000000
CCP1M1                            00000001
CCP1M2                            00000002
CCP1M3                            00000003
CCP1X                             00000005
CCP1Y                             00000004
CCP2CON                           0000001D
CCP2IE                            00000000
CCP2IF                            00000000
CCP2M0                            00000000
CCP2M1                            00000001
CCP2M2                            00000002
CCP2M3                            00000003
CCP2X                             00000005
CCP2Y                             00000004
CCPR1                             00000015
CCPR1H                            00000016
CCPR1L                            00000015
CCPR2                             0000001B
CCPR2H                            0000001C
CCPR2L                            0000001B
CHS0                              00000003
CHS1                              00000004
CHS2                              00000005
CIS                               00000003
CKE                               00000006
MPASM 5.87                       LAB02-2.ASM   10-8-2020  15:39:19         PAGE  5


SYMBOL TABLE
  LABEL                             VALUE 

CKP                               00000004
CM0                               00000000
CM1                               00000001
CM2                               00000002
CMCON                             0000009C
CMIE                              00000006
CMIF                              00000006
CREN                              00000004
CSRC                              00000007
CVR0                              00000000
CVR1                              00000001
CVR2                              00000002
CVR3                              00000003
CVRCON                            0000009D
CVREN                             00000007
CVROE                             00000006
CVRR                              00000005
D                                 00000005
DATA_ADDRESS                      00000005
DC                                00000001
D_A                               00000005
D_NOT_A                           00000005
EEADR                             0000010D
EEADRH                            0000010F
EECON1                            0000018C
EECON2                            0000018D
EEDATA                            0000010C
EEDATH                            0000010E
EEIE                              00000004
EEIF                              00000004
EEPGD                             00000007
F                                 00000001
FERR                              00000002
FSR                               00000004
GCEN                              00000007
GIE                               00000007
GO                                00000002
GO_DONE                           00000002
GO_NOT_DONE                       00000002
I2C_DATA                          00000005
I2C_READ                          00000002
I2C_START                         00000003
I2C_STOP                          00000004
IBF                               00000007
IBOV                              00000005
INDF                              00000000
INTCON                            0000000B
INTE                              00000004
INTEDG                            00000006
INTF                              00000001
IRP                               00000007
NOT_A                             00000005
NOT_ADDRESS                       00000005
MPASM 5.87                       LAB02-2.ASM   10-8-2020  15:39:19         PAGE  6


SYMBOL TABLE
  LABEL                             VALUE 

NOT_BO                            00000000
NOT_BOR                           00000000
NOT_DONE                          00000002
NOT_PD                            00000003
NOT_POR                           00000001
NOT_RBPU                          00000007
NOT_RC8                           00000006
NOT_T1SYNC                        00000002
NOT_TO                            00000004
NOT_TX8                           00000006
NOT_W                             00000002
NOT_WRITE                         00000002
OBF                               00000006
OERR                              00000001
OPTION_REG                        00000081
P                                 00000004
PCFG0                             00000000
PCFG1                             00000001
PCFG2                             00000002
PCFG3                             00000003
PCL                               00000002
PCLATH                            0000000A
PCON                              0000008E
PEIE                              00000006
PEN                               00000002
PIE1                              0000008C
PIE2                              0000008D
PIR1                              0000000C
PIR2                              0000000D
PORTA                             00000005
PORTB                             00000006
PORTC                             00000007
PORTD                             00000008
PORTE                             00000009
PR2                               00000092
PS0                               00000000
PS1                               00000001
PS2                               00000002
PSA                               00000003
PSPIE                             00000007
PSPIF                             00000007
PSPMODE                           00000004
R                                 00000002
RA0                               00000000
RA1                               00000001
RA2                               00000002
RA3                               00000003
RA4                               00000004
RA5                               00000005
RB0                               00000000
RB1                               00000001
RB2                               00000002
RB3                               00000003
MPASM 5.87                       LAB02-2.ASM   10-8-2020  15:39:19         PAGE  7


SYMBOL TABLE
  LABEL                             VALUE 

RB4                               00000004
RB5                               00000005
RB6                               00000006
RB7                               00000007
RBIE                              00000003
RBIF                              00000000
RC0                               00000000
RC1                               00000001
RC2                               00000002
RC3                               00000003
RC4                               00000004
RC5                               00000005
RC6                               00000006
RC7                               00000007
RC8_9                             00000006
RC9                               00000006
RCD8                              00000000
RCEN                              00000003
RCIE                              00000005
RCIF                              00000005
RCREG                             0000001A
RCSTA                             00000018
RD                                00000000
RD0                               00000000
RD1                               00000001
RD2                               00000002
RD3                               00000003
RD4                               00000004
RD5                               00000005
RD6                               00000006
RD7                               00000007
RE0                               00000000
RE1                               00000001
RE2                               00000002
READ_WRITE                        00000002
RP0                               00000005
RP1                               00000006
RSEN                              00000001
RX9                               00000006
RX9D                              00000000
R_NOT_W                           00000002
R_W                               00000002
S                                 00000003
SEN                               00000000
SMP                               00000007
SPBRG                             00000099
SPEN                              00000007
SREN                              00000005
SSPADD                            00000093
SSPBUF                            00000013
SSPCON                            00000014
SSPCON2                           00000091
SSPEN                             00000005
MPASM 5.87                       LAB02-2.ASM   10-8-2020  15:39:19         PAGE  8


SYMBOL TABLE
  LABEL                             VALUE 

SSPIE                             00000003
SSPIF                             00000003
SSPM0                             00000000
SSPM1                             00000001
SSPM2                             00000002
SSPM3                             00000003
SSPOV                             00000006
SSPSTAT                           00000094
STATUS                            00000003
SYNC                              00000004
T0CS                              00000005
T0IE                              00000005
T0IF                              00000002
T0SE                              00000004
T1CKPS0                           00000004
T1CKPS1                           00000005
T1CON                             00000010
T1INSYNC                          00000002
T1OSCEN                           00000003
T1SYNC                            00000002
T2CKPS0                           00000000
T2CKPS1                           00000001
T2CON                             00000012
TMR0                              00000001
TMR0IE                            00000005
TMR0IF                            00000002
TMR1                              0000000E
TMR1CS                            00000001
TMR1H                             0000000F
TMR1IE                            00000000
TMR1IF                            00000000
TMR1L                             0000000E
TMR1ON                            00000000
TMR2                              00000011
TMR2IE                            00000001
TMR2IF                            00000001
TMR2ON                            00000002
TOUTPS0                           00000003
TOUTPS1                           00000004
TOUTPS2                           00000005
TOUTPS3                           00000006
TRISA                             00000085
TRISA0                            00000000
TRISA1                            00000001
TRISA2                            00000002
TRISA3                            00000003
TRISA4                            00000004
TRISA5                            00000005
TRISB                             00000086
TRISB0                            00000000
TRISB1                            00000001
TRISB2                            00000002
TRISB3                            00000003
MPASM 5.87                       LAB02-2.ASM   10-8-2020  15:39:19         PAGE  9


SYMBOL TABLE
  LABEL                             VALUE 

TRISB4                            00000004
TRISB5                            00000005
TRISB6                            00000006
TRISB7                            00000007
TRISC                             00000087
TRISC0                            00000000
TRISC1                            00000001
TRISC2                            00000002
TRISC3                            00000003
TRISC4                            00000004
TRISC5                            00000005
TRISC6                            00000006
TRISC7                            00000007
TRISD                             00000088
TRISD0                            00000000
TRISD1                            00000001
TRISD2                            00000002
TRISD3                            00000003
TRISD4                            00000004
TRISD5                            00000005
TRISD6                            00000006
TRISD7                            00000007
TRISE                             00000089
TRISE0                            00000000
TRISE1                            00000001
TRISE2                            00000002
TRMT                              00000001
TX8_9                             00000006
TX9                               00000006
TX9D                              00000000
TXD8                              00000000
TXEN                              00000005
TXIE                              00000004
TXIF                              00000004
TXREG                             00000019
TXSTA                             00000098
UA                                00000001
W                                 00000000
WCOL                              00000007
WR                                00000001
WREN                              00000002
WRERR                             00000003
Z                                 00000002
_BODEN_OFF                        00003FBF
_BODEN_ON                         00003FFF
_BOREN_OFF                        00003FBF
_BOREN_ON                         00003FFF
_CONFIG                           00002007
_CPD_OFF                          00003FFF
_CPD_ON                           00003EFF
_CP_ALL                           00001FFF
_CP_OFF                           00003FFF
_CP_ON                            00001FFF
MPASM 5.87                       LAB02-2.ASM   10-8-2020  15:39:19         PAGE 10


SYMBOL TABLE
  LABEL                             VALUE 

_DEBUG_OFF                        00003FFF
_DEBUG_ON                         000037FF
_DEVID1                           00002006
_FOSC_EXTRC                       00003FFF
_FOSC_HS                          00003FFE
_FOSC_LP                          00003FFC
_FOSC_XT                          00003FFD
_HS_OSC                           00003FFE
_IDLOC0                           00002000
_IDLOC1                           00002001
_IDLOC2                           00002002
_IDLOC3                           00002003
_LP_OSC                           00003FFC
_LVP_OFF                          00003F7F
_LVP_ON                           00003FFF
_PWRTE_OFF                        00003FFF
_PWRTE_ON                         00003FF7
_RC_OSC                           00003FFF
_WDTE_OFF                         00003FFB
_WDTE_ON                          00003FFF
_WDT_OFF                          00003FFB
_WDT_ON                           00003FFF
_WRT_1FOURTH                      00003BFF
_WRT_256                          00003DFF
_WRT_HALF                         000039FF
_WRT_OFF                          00003FFF
_XT_OSC                           00003FFD
__16F877A                         00000001
delay                             0000000C
do_B                              0000001F
do_C                              00000015
for_loop                          00000032
inner_delay                       000000FF
inner_loop                        00000010
inner_while                       00000018
inner_while_B                     00000022
last_pin                          00000080
loop                              00000009
main                              00000000
memdata                           00000033
outer_delay                       000000FF
outer_loop                        0000000E

Errors   :     0
Warnings :    14 reported,     0 suppressed
Messages :     6 reported,     0 suppressed

