MPASM 5.87                         LAB01.ASM   10-8-2020  17:09:11         PAGE  1


LOC  OBJECT CODE     LINE SOURCE TEXT
  VALUE

                      00001 #INCLUDE<P16F877A.INC>
                      00001         LIST
                      00002 
                      00003 ;==========================================================================
                      00004 ; Build date : Jan 06 2020
                      00005 ;  MPASM PIC16F877A processor include
                      00006 ; 
                      00007 ;  (c) Copyright 1999-2020 Microchip Technology, All rights reserved
                      00008 ;==========================================================================
                      00009 
                      00567         LIST
                      00002 
2007   1832           00003     __CONFIG _DEBUG_OFF&_CP_ALL&_WRT_HALF&_CPD_ON&_LVP_OFF&_BODEN_OFF&_PWRTE_ON&_WDT_OFF&_HS_OSC
                      00004         org         00h
                      00005         
                      00006         ; Predefined Values
Warning[207]: Found label after column 1. (outer_delay)
  00000050            00007     outer_delay equ 050h
Warning[207]: Found label after column 1. (inner_delay)
  00000050            00008     inner_delay equ 050h
Warning[207]: Found label after column 1. (main)
0000                  00009    main
0000   1683 1303      00010         banksel TRISD
Message[302]: Register in operand not in bank 0.  Ensure that bank bits are correct.
0002   0188           00011         clrf TRISD
0003   3006           00012         movlw 0x06
Message[302]: Register in operand not in bank 0.  Ensure that bank bits are correct.
0004   009F           00013         movwf ADCON1
0005   3000           00014         movlw 0x00
Message[302]: Register in operand not in bank 0.  Ensure that bank bits are correct.
0006   0085           00015         movwf TRISA
0007   0183           00016         clrf STATUS
0008   0188           00017         clrf PORTD
0009   0185           00018         clrf PORTA
000A   0988           00019         comf PORTD,1
                      00020 
                      00021 
Warning[207]: Found label after column 1. (loop)
000B                  00022         loop
                      00023 
000B   0185           00024         clrf PORTA
000C   1405           00025         bsf PORTA,0
000D   2???           00026         call make_b
000E   2???           00027         call delay
                      00028         
000F   1005           00029         bcf PORTA,0
0010   1485           00030         bsf PORTA,1
0011   2???           00031         call make_o
0012   2???           00032         call delay
                      00033                 
0013   1085           00034         bcf PORTA,1
0014   1505           00035         bsf PORTA,2
0015   2???           00036         call make_o
MPASM 5.87                         LAB01.ASM   10-8-2020  17:09:11         PAGE  2


LOC  OBJECT CODE     LINE SOURCE TEXT
  VALUE

0016   2???           00037         call delay
                      00038         
0017   1105           00039         bcf PORTA,2
0018   1585           00040         bsf PORTA,3
0019   2???           00041         call make_b
001A   2???           00042         call delay
                      00043         
001B   1185           00044         bcf PORTA,3
001C   1605           00045         bsf PORTA,4
001D   2???           00046         call make_s
001E   2???           00047         call delay
                      00048         
                      00049 
001F   2???           00050         goto loop
                      00051         
                      00052         
Warning[207]: Found label after column 1. (make_b)
0020                  00053         make_b
                      00054         
0020   1008           00055         bcf PORTD,0
0021   1088           00056         bcf PORTD,1
0022   1108           00057         bcf PORTD,2
0023   1188           00058         bcf PORTD,3
0024   1208           00059         bcf PORTD,4
0025   1288           00060         bcf PORTD,5
0026   1308           00061         bcf PORTD,6
0027   1788           00062         bsf PORTD,7
                      00063         
0028   0008           00064         return
                      00065         
Warning[207]: Found label after column 1. (make_o)
0029                  00066         make_o
                      00067         
0029   1008           00068         bcf PORTD,0
002A   1088           00069         bcf PORTD,1
002B   1108           00070         bcf PORTD,2
002C   1188           00071         bcf PORTD,3
002D   1208           00072         bcf PORTD,4
002E   1288           00073         bcf PORTD,5
002F   1708           00074         bsf PORTD,6
0030   1788           00075         bsf PORTD,7
                      00076         
0031   0008           00077         return
                      00078         
Warning[207]: Found label after column 1. (make_s)
0032                  00079         make_s
                      00080         
0032   1008           00081         bcf PORTD,0
0033   1488           00082         bsf PORTD,1
0034   1108           00083         bcf PORTD,2
0035   1188           00084         bcf PORTD,3
0036   1608           00085         bsf PORTD,4
0037   1288           00086         bcf PORTD,5
MPASM 5.87                         LAB01.ASM   10-8-2020  17:09:11         PAGE  3


LOC  OBJECT CODE     LINE SOURCE TEXT
  VALUE

0038   1308           00087         bcf PORTD,6
0039   1788           00088         bsf PORTD,7
                      00089         
003A   0008           00090         return
                      00091 
                      00092         ; Delay loops
Warning[207]: Found label after column 1. (delay)
003B                  00093         delay
003B   3050           00094         movlw outer_delay
003C   00B0           00095         movwf 30h
Warning[207]: Found label after column 1. (outer_loop)
003D                  00096         outer_loop
003D   3050           00097         movlw   inner_delay
003E   00B1           00098         movwf   31h
Warning[207]: Found label after column 1. (inner_loop)
003F                  00099         inner_loop
003F   0BB1           00100         decfsz  31h,1
0040   2???           00101         goto    inner_loop
                      00102         
0041   0BB0           00103         decfsz  30h,1
0042   2???           00104         goto    outer_loop
0043   0008           00105         return
1832                  00106         end
MPASM 5.87                         LAB01.ASM   10-8-2020  17:09:11         PAGE  4


SYMBOL TABLE
  LABEL                             VALUE 

ACKDT                             00000005
ACKEN                             00000004
ACKSTAT                           00000006
ADCON0                            0000001F
ADCON1                            0000009F
ADCS0                             00000006
ADCS1                             00000007
ADCS2                             00000006
ADDEN                             00000003
ADFM                              00000007
ADIE                              00000006
ADIF                              00000006
ADON                              00000000
ADRESH                            0000001E
ADRESL                            0000009E
BCLIE                             00000003
BCLIF                             00000003
BF                                00000000
BRGH                              00000002
C                                 00000000
C1INV                             00000004
C1OUT                             00000006
C2INV                             00000005
C2OUT                             00000007
CCP1CON                           00000017
CCP1IE                            00000002
CCP1IF                            00000002
CCP1M0                            00000000
CCP1M1                            00000001
CCP1M2                            00000002
CCP1M3                            00000003
CCP1X                             00000005
CCP1Y                             00000004
CCP2CON                           0000001D
CCP2IE                            00000000
CCP2IF                            00000000
CCP2M0                            00000000
CCP2M1                            00000001
CCP2M2                            00000002
CCP2M3                            00000003
CCP2X                             00000005
CCP2Y                             00000004
CCPR1                             00000015
CCPR1H                            00000016
CCPR1L                            00000015
CCPR2                             0000001B
CCPR2H                            0000001C
CCPR2L                            0000001B
CHS0                              00000003
CHS1                              00000004
CHS2                              00000005
CIS                               00000003
CKE                               00000006
MPASM 5.87                         LAB01.ASM   10-8-2020  17:09:11         PAGE  5


SYMBOL TABLE
  LABEL                             VALUE 

CKP                               00000004
CM0                               00000000
CM1                               00000001
CM2                               00000002
CMCON                             0000009C
CMIE                              00000006
CMIF                              00000006
CREN                              00000004
CSRC                              00000007
CVR0                              00000000
CVR1                              00000001
CVR2                              00000002
CVR3                              00000003
CVRCON                            0000009D
CVREN                             00000007
CVROE                             00000006
CVRR                              00000005
D                                 00000005
DATA_ADDRESS                      00000005
DC                                00000001
D_A                               00000005
D_NOT_A                           00000005
EEADR                             0000010D
EEADRH                            0000010F
EECON1                            0000018C
EECON2                            0000018D
EEDATA                            0000010C
EEDATH                            0000010E
EEIE                              00000004
EEIF                              00000004
EEPGD                             00000007
F                                 00000001
FERR                              00000002
FSR                               00000004
GCEN                              00000007
GIE                               00000007
GO                                00000002
GO_DONE                           00000002
GO_NOT_DONE                       00000002
I2C_DATA                          00000005
I2C_READ                          00000002
I2C_START                         00000003
I2C_STOP                          00000004
IBF                               00000007
IBOV                              00000005
INDF                              00000000
INTCON                            0000000B
INTE                              00000004
INTEDG                            00000006
INTF                              00000001
IRP                               00000007
NOT_A                             00000005
NOT_ADDRESS                       00000005
MPASM 5.87                         LAB01.ASM   10-8-2020  17:09:11         PAGE  6


SYMBOL TABLE
  LABEL                             VALUE 

NOT_BO                            00000000
NOT_BOR                           00000000
NOT_DONE                          00000002
NOT_PD                            00000003
NOT_POR                           00000001
NOT_RBPU                          00000007
NOT_RC8                           00000006
NOT_T1SYNC                        00000002
NOT_TO                            00000004
NOT_TX8                           00000006
NOT_W                             00000002
NOT_WRITE                         00000002
OBF                               00000006
OERR                              00000001
OPTION_REG                        00000081
P                                 00000004
PCFG0                             00000000
PCFG1                             00000001
PCFG2                             00000002
PCFG3                             00000003
PCL                               00000002
PCLATH                            0000000A
PCON                              0000008E
PEIE                              00000006
PEN                               00000002
PIE1                              0000008C
PIE2                              0000008D
PIR1                              0000000C
PIR2                              0000000D
PORTA                             00000005
PORTB                             00000006
PORTC                             00000007
PORTD                             00000008
PORTE                             00000009
PR2                               00000092
PS0                               00000000
PS1                               00000001
PS2                               00000002
PSA                               00000003
PSPIE                             00000007
PSPIF                             00000007
PSPMODE                           00000004
R                                 00000002
RA0                               00000000
RA1                               00000001
RA2                               00000002
RA3                               00000003
RA4                               00000004
RA5                               00000005
RB0                               00000000
RB1                               00000001
RB2                               00000002
RB3                               00000003
MPASM 5.87                         LAB01.ASM   10-8-2020  17:09:11         PAGE  7


SYMBOL TABLE
  LABEL                             VALUE 

RB4                               00000004
RB5                               00000005
RB6                               00000006
RB7                               00000007
RBIE                              00000003
RBIF                              00000000
RC0                               00000000
RC1                               00000001
RC2                               00000002
RC3                               00000003
RC4                               00000004
RC5                               00000005
RC6                               00000006
RC7                               00000007
RC8_9                             00000006
RC9                               00000006
RCD8                              00000000
RCEN                              00000003
RCIE                              00000005
RCIF                              00000005
RCREG                             0000001A
RCSTA                             00000018
RD                                00000000
RD0                               00000000
RD1                               00000001
RD2                               00000002
RD3                               00000003
RD4                               00000004
RD5                               00000005
RD6                               00000006
RD7                               00000007
RE0                               00000000
RE1                               00000001
RE2                               00000002
READ_WRITE                        00000002
RP0                               00000005
RP1                               00000006
RSEN                              00000001
RX9                               00000006
RX9D                              00000000
R_NOT_W                           00000002
R_W                               00000002
S                                 00000003
SEN                               00000000
SMP                               00000007
SPBRG                             00000099
SPEN                              00000007
SREN                              00000005
SSPADD                            00000093
SSPBUF                            00000013
SSPCON                            00000014
SSPCON2                           00000091
SSPEN                             00000005
MPASM 5.87                         LAB01.ASM   10-8-2020  17:09:11         PAGE  8


SYMBOL TABLE
  LABEL                             VALUE 

SSPIE                             00000003
SSPIF                             00000003
SSPM0                             00000000
SSPM1                             00000001
SSPM2                             00000002
SSPM3                             00000003
SSPOV                             00000006
SSPSTAT                           00000094
STATUS                            00000003
SYNC                              00000004
T0CS                              00000005
T0IE                              00000005
T0IF                              00000002
T0SE                              00000004
T1CKPS0                           00000004
T1CKPS1                           00000005
T1CON                             00000010
T1INSYNC                          00000002
T1OSCEN                           00000003
T1SYNC                            00000002
T2CKPS0                           00000000
T2CKPS1                           00000001
T2CON                             00000012
TMR0                              00000001
TMR0IE                            00000005
TMR0IF                            00000002
TMR1                              0000000E
TMR1CS                            00000001
TMR1H                             0000000F
TMR1IE                            00000000
TMR1IF                            00000000
TMR1L                             0000000E
TMR1ON                            00000000
TMR2                              00000011
TMR2IE                            00000001
TMR2IF                            00000001
TMR2ON                            00000002
TOUTPS0                           00000003
TOUTPS1                           00000004
TOUTPS2                           00000005
TOUTPS3                           00000006
TRISA                             00000085
TRISA0                            00000000
TRISA1                            00000001
TRISA2                            00000002
TRISA3                            00000003
TRISA4                            00000004
TRISA5                            00000005
TRISB                             00000086
TRISB0                            00000000
TRISB1                            00000001
TRISB2                            00000002
TRISB3                            00000003
MPASM 5.87                         LAB01.ASM   10-8-2020  17:09:11         PAGE  9


SYMBOL TABLE
  LABEL                             VALUE 

TRISB4                            00000004
TRISB5                            00000005
TRISB6                            00000006
TRISB7                            00000007
TRISC                             00000087
TRISC0                            00000000
TRISC1                            00000001
TRISC2                            00000002
TRISC3                            00000003
TRISC4                            00000004
TRISC5                            00000005
TRISC6                            00000006
TRISC7                            00000007
TRISD                             00000088
TRISD0                            00000000
TRISD1                            00000001
TRISD2                            00000002
TRISD3                            00000003
TRISD4                            00000004
TRISD5                            00000005
TRISD6                            00000006
TRISD7                            00000007
TRISE                             00000089
TRISE0                            00000000
TRISE1                            00000001
TRISE2                            00000002
TRMT                              00000001
TX8_9                             00000006
TX9                               00000006
TX9D                              00000000
TXD8                              00000000
TXEN                              00000005
TXIE                              00000004
TXIF                              00000004
TXREG                             00000019
TXSTA                             00000098
UA                                00000001
W                                 00000000
WCOL                              00000007
WR                                00000001
WREN                              00000002
WRERR                             00000003
Z                                 00000002
_BODEN_OFF                        00003FBF
_BODEN_ON                         00003FFF
_BOREN_OFF                        00003FBF
_BOREN_ON                         00003FFF
_CONFIG                           00002007
_CPD_OFF                          00003FFF
_CPD_ON                           00003EFF
_CP_ALL                           00001FFF
_CP_OFF                           00003FFF
_CP_ON                            00001FFF
MPASM 5.87                         LAB01.ASM   10-8-2020  17:09:11         PAGE 10


SYMBOL TABLE
  LABEL                             VALUE 

_DEBUG_OFF                        00003FFF
_DEBUG_ON                         000037FF
_DEVID1                           00002006
_FOSC_EXTRC                       00003FFF
_FOSC_HS                          00003FFE
_FOSC_LP                          00003FFC
_FOSC_XT                          00003FFD
_HS_OSC                           00003FFE
_IDLOC0                           00002000
_IDLOC1                           00002001
_IDLOC2                           00002002
_IDLOC3                           00002003
_LP_OSC                           00003FFC
_LVP_OFF                          00003F7F
_LVP_ON                           00003FFF
_PWRTE_OFF                        00003FFF
_PWRTE_ON                         00003FF7
_RC_OSC                           00003FFF
_WDTE_OFF                         00003FFB
_WDTE_ON                          00003FFF
_WDT_OFF                          00003FFB
_WDT_ON                           00003FFF
_WRT_1FOURTH                      00003BFF
_WRT_256                          00003DFF
_WRT_HALF                         000039FF
_WRT_OFF                          00003FFF
_XT_OSC                           00003FFD
__16F877A                         00000001
delay                             0000003B
inner_delay                       00000050
inner_loop                        0000003F
loop                              0000000B
main                              00000000
make_b                            00000020
make_o                            00000029
make_s                            00000032
outer_delay                       00000050
outer_loop                        0000003D

Errors   :     0
Warnings :    10 reported,     0 suppressed
Messages :     3 reported,     0 suppressed

